<?xml version="1.0" encoding="utf-8"?><testsuites name="pytest tests"><testsuite name="pytest" errors="0" failures="0" skipped="0" tests="15" time="2.599" timestamp="2026-07-14T07:51:01.843341+00:00" hostname="agent-env-520e77b4-52d7-4523-b203-00057a193cc2"><testcase classname="backend.tests.test_naamsmaran_api" name="test_default_deities" time="0.329" /><testcase classname="backend.tests.test_naamsmaran_api" name="test_custom_deity_lifecycle" time="0.246" /><testcase classname="backend.tests.test_naamsmaran_api" name="test_jaap_create_and_summary" time="0.269" /><testcase classname="backend.tests.test_naamsmaran_api" name="test_jaap_history_zero_filled" time="0.057" /><testcase classname="backend.tests.test_naamsmaran_api" name="test_brahmacharya_upsert" time="0.232" /><testcase classname="backend.tests.test_naamsmaran_api" name="test_reminder_lifecycle" time="0.238" /><testcase classname="backend.tests.test_naamsmaran_api" name="test_delete_nonexistent_reminder_404" time="0.056" /><testcase classname="backend.tests.test_naamsmaran_api" name="test_handwritten_and_tap_unified_summary" time="0.348" /><testcase classname="backend.tests.test_naamsmaran_api" name="test_jaap_invalid_mode_rejected" time="0.060" /><testcase classname="backend.tests.test_naamsmaran_api" name="test_videos_seeded_and_categories" time="0.113" /><testcase classname="backend.tests.test_naamsmaran_api" name="test_videos_category_filter" time="0.059" /><testcase classname="backend.tests.test_naamsmaran_api" name="test_admin_check_wrong_password_401" time="0.058" /><testcase classname="backend.tests.test_naamsmaran_api" name="test_admin_check_correct_password_200" time="0.055" /><testcase classname="backend.tests.test_naamsmaran_api" name="test_create_video_requires_admin" time="0.056" /><testcase classname="backend.tests.test_naamsmaran_api" name="test_create_and_delete_video_admin" time="0.281" /></testsuite></testsuites>