<?xml version="1.0" encoding="utf-8"?><testsuites name="pytest tests"><testsuite name="pytest" errors="0" failures="0" skipped="0" tests="7" time="1.412" timestamp="2026-07-13T15:38:51.488787+00:00" hostname="agent-env-520e77b4-52d7-4523-b203-00057a193cc2"><testcase classname="backend.tests.test_naamsmaran_api" name="test_default_deities" time="0.342" /><testcase classname="backend.tests.test_naamsmaran_api" name="test_custom_deity_lifecycle" time="0.225" /><testcase classname="backend.tests.test_naamsmaran_api" name="test_jaap_create_and_summary" time="0.237" /><testcase classname="backend.tests.test_naamsmaran_api" name="test_jaap_history_zero_filled" time="0.056" /><testcase classname="backend.tests.test_naamsmaran_api" name="test_brahmacharya_upsert" time="0.206" /><testcase classname="backend.tests.test_naamsmaran_api" name="test_reminder_lifecycle" time="0.237" /><testcase classname="backend.tests.test_naamsmaran_api" name="test_delete_nonexistent_reminder_404" time="0.049" /></testsuite></testsuites>